f:\v11.1_project\sinkhole_attack_in_rpl_v11.1\32-bit\workspace_sinkhole_attack_rpl\src\simulation\rpl\debug\vc141.pdb
f:\v11.1_project\sinkhole_attack_in_rpl_v11.1\32-bit\workspace_sinkhole_attack_rpl\src\simulation\rpl\debug\vc141.idb
f:\v11.1_project\sinkhole_attack_in_rpl_v11.1\32-bit\workspace_sinkhole_attack_rpl\src\simulation\rpl\debug\trickle.obj
f:\v11.1_project\sinkhole_attack_in_rpl_v11.1\32-bit\workspace_sinkhole_attack_rpl\src\simulation\rpl\debug\sequencenumber.obj
f:\v11.1_project\sinkhole_attack_in_rpl_v11.1\32-bit\workspace_sinkhole_attack_rpl\src\simulation\rpl\debug\rpl_message.obj
f:\v11.1_project\sinkhole_attack_in_rpl_v11.1\32-bit\workspace_sinkhole_attack_rpl\src\simulation\rpl\debug\rpl_enum.obj
f:\v11.1_project\sinkhole_attack_in_rpl_v11.1\32-bit\workspace_sinkhole_attack_rpl\src\simulation\rpl\debug\rpl.obj
f:\v11.1_project\sinkhole_attack_in_rpl_v11.1\32-bit\workspace_sinkhole_attack_rpl\src\simulation\rpl\debug\neighbor.obj
f:\v11.1_project\sinkhole_attack_in_rpl_v11.1\32-bit\workspace_sinkhole_attack_rpl\src\simulation\rpl\debug\malicious.obj
f:\v11.1_project\sinkhole_attack_in_rpl_v11.1\32-bit\workspace_sinkhole_attack_rpl\src\simulation\rpl\debug\dodag.obj
f:\v11.1_project\sinkhole_attack_in_rpl_v11.1\32-bit\workspace_sinkhole_attack_rpl\src\simulation\rpl\debug\dis.obj
f:\v11.1_project\sinkhole_attack_in_rpl_v11.1\32-bit\workspace_sinkhole_attack_rpl\src\simulation\rpl\debug\dio.obj
f:\v11.1_project\sinkhole_attack_in_rpl_v11.1\32-bit\workspace_sinkhole_attack_rpl\src\simulation\rpl\debug\dao.obj
f:\v11.1_project\sinkhole_attack_in_rpl_v11.1\32-bit\workspace_sinkhole_attack_rpl\bin\bin_x86\librpl.dll
f:\v11.1_project\sinkhole_attack_in_rpl_v11.1\32-bit\workspace_sinkhole_attack_rpl\bin\bin_x86\rpl.pdb
f:\v11.1_project\sinkhole_attack_in_rpl_v11.1\32-bit\workspace_sinkhole_attack_rpl\bin\bin_x86\rpl.lib
f:\v11.1_project\sinkhole_attack_in_rpl_v11.1\32-bit\workspace_sinkhole_attack_rpl\bin\bin_x86\rpl.exp
f:\v11.1_project\sinkhole_attack_in_rpl_v11.1\32-bit\workspace_sinkhole_attack_rpl\src\simulation\rpl\debug\rpl.tlog\cl.command.1.tlog
f:\v11.1_project\sinkhole_attack_in_rpl_v11.1\32-bit\workspace_sinkhole_attack_rpl\src\simulation\rpl\debug\rpl.tlog\cl.read.1.tlog
f:\v11.1_project\sinkhole_attack_in_rpl_v11.1\32-bit\workspace_sinkhole_attack_rpl\src\simulation\rpl\debug\rpl.tlog\cl.write.1.tlog
f:\v11.1_project\sinkhole_attack_in_rpl_v11.1\32-bit\workspace_sinkhole_attack_rpl\src\simulation\rpl\debug\rpl.tlog\link.command.1.tlog
f:\v11.1_project\sinkhole_attack_in_rpl_v11.1\32-bit\workspace_sinkhole_attack_rpl\src\simulation\rpl\debug\rpl.tlog\link.read.1.tlog
f:\v11.1_project\sinkhole_attack_in_rpl_v11.1\32-bit\workspace_sinkhole_attack_rpl\src\simulation\rpl\debug\rpl.tlog\link.write.1.tlog
f:\v11.1_project\sinkhole_attack_in_rpl_v11.1\32-bit\workspace_sinkhole_attack_rpl\src\simulation\rpl\debug\rpl.tlog\rpl.write.1u.tlog
