c:\users\user\downloads\sink_hole_rpl_v11.0\64bit\code\rpl\x64\debug\vc141.pdb
c:\users\user\downloads\sink_hole_rpl_v11.0\64bit\code\rpl\x64\debug\vc141.idb
c:\users\user\downloads\sink_hole_rpl_v11.0\64bit\code\rpl\x64\debug\trickle.obj
c:\users\user\downloads\sink_hole_rpl_v11.0\64bit\code\rpl\x64\debug\sequencenumber.obj
c:\users\user\downloads\sink_hole_rpl_v11.0\64bit\code\rpl\x64\debug\rpl_message.obj
c:\users\user\downloads\sink_hole_rpl_v11.0\64bit\code\rpl\x64\debug\rpl_enum.obj
c:\users\user\downloads\sink_hole_rpl_v11.0\64bit\code\rpl\x64\debug\rpl.obj
c:\users\user\downloads\sink_hole_rpl_v11.0\64bit\code\rpl\x64\debug\neighbor.obj
c:\users\user\downloads\sink_hole_rpl_v11.0\64bit\code\rpl\x64\debug\malicious.obj
c:\users\user\downloads\sink_hole_rpl_v11.0\64bit\code\rpl\x64\debug\dodag.obj
c:\users\user\downloads\sink_hole_rpl_v11.0\64bit\code\rpl\x64\debug\dis.obj
c:\users\user\downloads\sink_hole_rpl_v11.0\64bit\code\rpl\x64\debug\dio.obj
c:\users\user\downloads\sink_hole_rpl_v11.0\64bit\code\rpl\x64\debug\dao.obj
c:\users\user\downloads\sink_hole_rpl_v11.0\64bit\code\dll\librpl.dll
c:\users\user\downloads\sink_hole_rpl_v11.0\64bit\code\dll\rpl.pdb
c:\users\user\downloads\sink_hole_rpl_v11.0\64bit\code\dll\rpl.lib
c:\users\user\downloads\sink_hole_rpl_v11.0\64bit\code\dll\rpl.exp
c:\users\user\downloads\sink_hole_rpl_v11.0\64bit\code\rpl\x64\debug\rpl.tlog\cl.command.1.tlog
c:\users\user\downloads\sink_hole_rpl_v11.0\64bit\code\rpl\x64\debug\rpl.tlog\cl.read.1.tlog
c:\users\user\downloads\sink_hole_rpl_v11.0\64bit\code\rpl\x64\debug\rpl.tlog\cl.write.1.tlog
c:\users\user\downloads\sink_hole_rpl_v11.0\64bit\code\rpl\x64\debug\rpl.tlog\link.command.1.tlog
c:\users\user\downloads\sink_hole_rpl_v11.0\64bit\code\rpl\x64\debug\rpl.tlog\link.read.1.tlog
c:\users\user\downloads\sink_hole_rpl_v11.0\64bit\code\rpl\x64\debug\rpl.tlog\link.write.1.tlog
c:\users\user\downloads\sink_hole_rpl_v11.0\64bit\code\rpl\x64\debug\rpl.tlog\rpl.write.1u.tlog
