f:\v11.1_project\sinkhole_attack_in_rpl_v11.1\32-bit\workspace_sinkhole_attack_rpl\src\simulation\ip\debug\vc141.pdb
f:\v11.1_project\sinkhole_attack_in_rpl_v11.1\32-bit\workspace_sinkhole_attack_rpl\src\simulation\ip\debug\vc141.idb
f:\v11.1_project\sinkhole_attack_in_rpl_v11.1\32-bit\workspace_sinkhole_attack_rpl\src\simulation\ip\debug\pim_route_msg.obj
f:\v11.1_project\sinkhole_attack_in_rpl_v11.1\32-bit\workspace_sinkhole_attack_rpl\src\simulation\ip\debug\pim_route.obj
f:\v11.1_project\sinkhole_attack_in_rpl_v11.1\32-bit\workspace_sinkhole_attack_rpl\src\simulation\ip\debug\pim_print.obj
f:\v11.1_project\sinkhole_attack_in_rpl_v11.1\32-bit\workspace_sinkhole_attack_rpl\src\simulation\ip\debug\pim_neighbor.obj
f:\v11.1_project\sinkhole_attack_in_rpl_v11.1\32-bit\workspace_sinkhole_attack_rpl\src\simulation\ip\debug\pim_msg.obj
f:\v11.1_project\sinkhole_attack_in_rpl_v11.1\32-bit\workspace_sinkhole_attack_rpl\src\simulation\ip\debug\pim_join.obj
f:\v11.1_project\sinkhole_attack_in_rpl_v11.1\32-bit\workspace_sinkhole_attack_rpl\src\simulation\ip\debug\pim_hello.obj
f:\v11.1_project\sinkhole_attack_in_rpl_v11.1\32-bit\workspace_sinkhole_attack_rpl\src\simulation\ip\debug\pim_group.obj
f:\v11.1_project\sinkhole_attack_in_rpl_v11.1\32-bit\workspace_sinkhole_attack_rpl\src\simulation\ip\debug\pim_config.obj
f:\v11.1_project\sinkhole_attack_in_rpl_v11.1\32-bit\workspace_sinkhole_attack_rpl\src\simulation\ip\debug\nat.obj
f:\v11.1_project\sinkhole_attack_in_rpl_v11.1\32-bit\workspace_sinkhole_attack_rpl\src\simulation\ip\debug\multicast.obj
f:\v11.1_project\sinkhole_attack_in_rpl_v11.1\32-bit\workspace_sinkhole_attack_rpl\src\simulation\ip\debug\ip_utility.obj
f:\v11.1_project\sinkhole_attack_in_rpl_v11.1\32-bit\workspace_sinkhole_attack_rpl\src\simulation\ip\debug\ip_routing.obj
f:\v11.1_project\sinkhole_attack_in_rpl_v11.1\32-bit\workspace_sinkhole_attack_rpl\src\simulation\ip\debug\ip.obj
f:\v11.1_project\sinkhole_attack_in_rpl_v11.1\32-bit\workspace_sinkhole_attack_rpl\src\simulation\ip\debug\igmp_router.obj
f:\v11.1_project\sinkhole_attack_in_rpl_v11.1\32-bit\workspace_sinkhole_attack_rpl\src\simulation\ip\debug\igmp_msg.obj
f:\v11.1_project\sinkhole_attack_in_rpl_v11.1\32-bit\workspace_sinkhole_attack_rpl\src\simulation\ip\debug\igmp_host.obj
f:\v11.1_project\sinkhole_attack_in_rpl_v11.1\32-bit\workspace_sinkhole_attack_rpl\src\simulation\ip\debug\igmp.obj
f:\v11.1_project\sinkhole_attack_in_rpl_v11.1\32-bit\workspace_sinkhole_attack_rpl\src\simulation\ip\debug\icmp.obj
f:\v11.1_project\sinkhole_attack_in_rpl_v11.1\32-bit\workspace_sinkhole_attack_rpl\src\simulation\ip\debug\dns.obj
f:\v11.1_project\sinkhole_attack_in_rpl_v11.1\32-bit\workspace_sinkhole_attack_rpl\src\simulation\ip\debug\vpn.obj
f:\v11.1_project\sinkhole_attack_in_rpl_v11.1\32-bit\workspace_sinkhole_attack_rpl\src\simulation\ip\debug\pim_sm.obj
f:\v11.1_project\sinkhole_attack_in_rpl_v11.1\32-bit\workspace_sinkhole_attack_rpl\bin\bin_x86\ip.lib
f:\v11.1_project\sinkhole_attack_in_rpl_v11.1\32-bit\workspace_sinkhole_attack_rpl\bin\bin_x86\ip.exp
f:\v11.1_project\sinkhole_attack_in_rpl_v11.1\32-bit\workspace_sinkhole_attack_rpl\bin\bin_x86\libip.dll
f:\v11.1_project\sinkhole_attack_in_rpl_v11.1\32-bit\workspace_sinkhole_attack_rpl\bin\bin_x86\ip.pdb
f:\v11.1_project\sinkhole_attack_in_rpl_v11.1\32-bit\workspace_sinkhole_attack_rpl\src\simulation\ip\debug\ip.tlog\cl.command.1.tlog
f:\v11.1_project\sinkhole_attack_in_rpl_v11.1\32-bit\workspace_sinkhole_attack_rpl\src\simulation\ip\debug\ip.tlog\cl.read.1.tlog
f:\v11.1_project\sinkhole_attack_in_rpl_v11.1\32-bit\workspace_sinkhole_attack_rpl\src\simulation\ip\debug\ip.tlog\cl.write.1.tlog
f:\v11.1_project\sinkhole_attack_in_rpl_v11.1\32-bit\workspace_sinkhole_attack_rpl\src\simulation\ip\debug\ip.tlog\ip.write.1u.tlog
f:\v11.1_project\sinkhole_attack_in_rpl_v11.1\32-bit\workspace_sinkhole_attack_rpl\src\simulation\ip\debug\ip.tlog\link.command.1.tlog
f:\v11.1_project\sinkhole_attack_in_rpl_v11.1\32-bit\workspace_sinkhole_attack_rpl\src\simulation\ip\debug\ip.tlog\link.read.1.tlog
f:\v11.1_project\sinkhole_attack_in_rpl_v11.1\32-bit\workspace_sinkhole_attack_rpl\src\simulation\ip\debug\ip.tlog\link.write.1.tlog
